Checking for safetensors in venv
safetensors available in venv
Checking for timesfm package in venv
timesfm available in venv
--------- Running TimesFM 2.5 Benchmark
Environment check:
  GLUONTS_POOL_WORKERS=1
  OMP_NUM_THREADS=1
Loading TimesFM 2.5 from /scratch/wd04/sm0074/timesfm/models_pytorch/timesfm-2p5
Compiling TimesFM 2.5 model...
Model compiled successfully!

============================================================
[1/27] Evaluating model timesfm on dataset m1_monthly
============================================================
Loading dataset m1_monthly...
Multiprocessing context has already been set.
Dataset m1_monthly loaded successfully. Train shape: (44892, 3)
Forecasting 617 time series with context_len=64...
Forecasting completed in 14.67s (0.024s per series)
Evaluating metrics...
Results for m1_monthly:
      dataset       metric    model        value
0  m1_monthly          mae  timesfm  1899.544764
1  m1_monthly         mase  timesfm     1.007325
2  m1_monthly  scaled_crps  timesfm     0.125428
3  m1_monthly        smape  timesfm     0.069580
4  m1_monthly         time  timesfm    14.669347
✓ Dataset m1_monthly completed successfully!

============================================================
[2/27] Evaluating model timesfm on dataset m1_quarterly
============================================================
Loading dataset m1_quarterly...
Multiprocessing context has already been set.
Dataset m1_quarterly loaded successfully. Train shape: (8320, 3)
Forecasting 203 time series with context_len=64...
Forecasting completed in 3.32s (0.016s per series)
Evaluating metrics...
Results for m1_quarterly:
        dataset       metric    model        value
0  m1_quarterly          mae  timesfm  2328.741237
1  m1_quarterly         mase  timesfm     1.559370
2  m1_quarterly  scaled_crps  timesfm     0.090235
3  m1_quarterly        smape  timesfm     0.076343
4  m1_quarterly         time  timesfm     3.318825
✓ Dataset m1_quarterly completed successfully!

============================================================
[3/27] Evaluating model timesfm on dataset m1_yearly
============================================================
Loading dataset m1_yearly...
Multiprocessing context has already been set.
Dataset m1_yearly loaded successfully. Train shape: (3429, 3)
Forecasting 181 time series with context_len=64...
Forecasting completed in 2.88s (0.016s per series)
Evaluating metrics...
Results for m1_yearly:
     dataset       metric    model          value
0  m1_yearly          mae  timesfm  135718.828423
1  m1_yearly         mase  timesfm       3.860592
2  m1_yearly  scaled_crps  timesfm       0.104989
3  m1_yearly        smape  timesfm       0.095838
4  m1_yearly         time  timesfm       2.882645
✓ Dataset m1_yearly completed successfully!

============================================================
[4/27] Evaluating model timesfm on dataset m3_monthly
============================================================
Loading dataset m3_monthly...
Skipping dataset m3_monthly: failed to load experiment handler: No module named 'datasetsforecast'

============================================================
[4/27] Evaluating model timesfm on dataset m3_other
============================================================
Loading dataset m3_other...
Skipping dataset m3_other: failed to load experiment handler: No module named 'datasetsforecast'

============================================================
[4/27] Evaluating model timesfm on dataset m3_quarterly
============================================================
Loading dataset m3_quarterly...
Skipping dataset m3_quarterly: failed to load experiment handler: No module named 'datasetsforecast'

============================================================
[4/27] Evaluating model timesfm on dataset m3_yearly
============================================================
Loading dataset m3_yearly...
Skipping dataset m3_yearly: failed to load experiment handler: No module named 'datasetsforecast'

============================================================
[4/27] Evaluating model timesfm on dataset m4_quarterly
============================================================
Loading dataset m4_quarterly...
Multiprocessing context has already been set.
Dataset m4_quarterly loaded successfully. Train shape: (2214108, 3)
Forecasting 24000 time series with context_len=64...
Forecasting completed in 455.19s (0.019s per series)
Evaluating metrics...
Results for m4_quarterly:
        dataset       metric    model       value
0  m4_quarterly          mae  timesfm  574.792591
1  m4_quarterly         mase  timesfm    1.222397
2  m4_quarterly  scaled_crps  timesfm    0.066970
3  m4_quarterly        smape  timesfm    0.052256
4  m4_quarterly         time  timesfm  455.188282
✓ Dataset m4_quarterly completed successfully!

============================================================
[5/27] Evaluating model timesfm on dataset m4_yearly
============================================================
Loading dataset m4_yearly...
Multiprocessing context has already been set.
Dataset m4_yearly loaded successfully. Train shape: (707265, 3)
