Checking for safetensors in venv
safetensors available in venv
Checking for timesfm package in venv
timesfm available in venv
--------- Running TimesFM Benchmark
Converting safetensors checkpoint /scratch/wd04/sm0074/timesfm/models_pytorch/timesfm-2p5/model.safetensors -> torch .pt temporary file
Converted checkpoint saved to /scratch/wd04/sm0074/timesfm/models_pytorch/timesfm-2p5/model.safetensors.pt
Evaluating model timesfm on dataset m1_monthly
Failed during evaluation for dataset m1_monthly: 'TimesFM_2p5_200M_torch' object has no attribute 'forecast_on_df'
Evaluating model timesfm on dataset m1_quarterly
Multiprocessing context has already been set.
Failed during evaluation for dataset m1_quarterly: 'TimesFM_2p5_200M_torch' object has no attribute 'forecast_on_df'
Evaluating model timesfm on dataset m1_yearly
Multiprocessing context has already been set.
Failed during evaluation for dataset m1_yearly: 'TimesFM_2p5_200M_torch' object has no attribute 'forecast_on_df'
Evaluating model timesfm on dataset m3_monthly
Skipping dataset m3_monthly: failed to load experiment handler: No module named 'datasetsforecast'
Evaluating model timesfm on dataset m3_other
Skipping dataset m3_other: failed to load experiment handler: No module named 'datasetsforecast'
Evaluating model timesfm on dataset m3_quarterly
Skipping dataset m3_quarterly: failed to load experiment handler: No module named 'datasetsforecast'
Evaluating model timesfm on dataset m3_yearly
Skipping dataset m3_yearly: failed to load experiment handler: No module named 'datasetsforecast'
Evaluating model timesfm on dataset m4_quarterly
Multiprocessing context has already been set.
