Checking for safetensors in venv
safetensors available in venv
Checking for timesfm package in venv
timesfm available in venv
--------- Running TimesFM Benchmark
Converting safetensors checkpoint /scratch/wd04/sm0074/timesfm/models_pytorch/timesfm-2p5/model.safetensors -> torch .pt temporary file
Converted checkpoint saved to /scratch/wd04/sm0074/timesfm/models_pytorch/timesfm-2p5/model.safetensors.pt
Failed to load 2.5 model offline: Force download failed due to the above error.

======================================================================================
                  Resource Usage on 2026-01-04 19:07:03:
   Job Id:             157564476.gadi-pbs
   Project:            wd04
   Exit Status:        0
   Service Units:      0.34
   NCPUs Requested:    12                     NCPUs Used: 12              
                                           CPU Time Used: 00:00:44        
   Memory Requested:   64.0GB                Memory Used: 3.25GB          
   NGPUs Requested:    1                 GPU Utilisation: 0%              
                                         GPU Memory Used: 0B              
   Walltime requested: 10:00:00            Walltime Used: 00:00:34        
   JobFS requested:    1.0GB                  JobFS used: 0B              
======================================================================================
