Checking for safetensors in venv
safetensors available in venv
Checking for timesfm package in venv
timesfm available in venv
--------- Running TimesFM Benchmark
Converting safetensors checkpoint /scratch/wd04/sm0074/timesfm/models_pytorch/timesfm-2p5/model.safetensors -> torch .pt temporary file
Converted checkpoint saved to /scratch/wd04/sm0074/timesfm/models_pytorch/timesfm-2p5/model.safetensors.pt
Evaluating model timesfm on dataset m1_monthly

======================================================================================
                  Resource Usage on 2026-01-04 19:10:58:
   Job Id:             157564479.gadi-pbs
   Project:            wd04
   Exit Status:        137 (Linux Signal 9 SIGKILL Kill, unblockable)
   Service Units:      0.52
   NCPUs Requested:    12                     NCPUs Used: 12              
                                           CPU Time Used: 00:06:04        
   Memory Requested:   64.0GB                Memory Used: 64.0GB          
   NGPUs Requested:    1                 GPU Utilisation: 0%              
                                         GPU Memory Used: 1.22GB          
   Walltime requested: 10:00:00            Walltime Used: 00:00:52        
   JobFS requested:    1.0GB                  JobFS used: 0B              
======================================================================================
